classifying dataset: datas/ColonTumor/colonTumor
****************************************************************************************************
origin data: 
size of data matrix:  (62, 2000)
cross validation scores:  [ 0.92307692  0.84615385  0.83333333  0.75        0.75      ] 0.820512820513
y_test: 
[ 0.  1.  0.  1.  1.  0.  1.  0.  1.  1.  0.  1.  1.  1.  0.  0.]
y_pred: 
[ 0.  1.  0.  1.  1.  0.  1.  1.  1.  0.  0.  1.  1.  0.  0.  0.]
[[6 1]
 [2 7]]
accuracy: 0.812500
****************************************************************************************************
after fs using grafting l21-nrom threshold = 0.2, epsilon = 0.001: 
selected features index: 
[13, 14, 33, 42, 62, 69, 122, 150, 174, 177, 182, 186, 210, 221, 222, 223, 240, 259, 270, 273, 279, 286, 293, 305, 320, 322, 331, 337, 340, 365, 368, 376, 403, 418, 426, 430, 443, 470, 471, 487, 505, 507, 515, 517, 553, 558, 561, 574, 582, 623, 652, 672, 1339]
size of data matrix:  (62, 53)
cross validation scores:  [ 0.92307692  0.92307692  1.          0.75        0.66666667] 0.852564102564
y_test: 
[ 0.  1.  0.  1.  1.  0.  1.  0.  1.  1.  0.  1.  1.  1.  0.  0.]
y_pred: 
[ 0.  1.  0.  1.  0.  0.  1.  1.  1.  0.  0.  1.  1.  0.  0.  0.]
[[6 1]
 [3 6]]
accuracy: 0.750000
****************************************************************************************************
after fs using grafting l1-norm threshold = 0.2, epsilon = 0.01: 
selected features index: 
[25, 65, 244]
size of data matrix:  (62, 3)
cross validation scores:  [ 0.92307692  0.92307692  0.91666667  0.75        0.66666667] 0.835897435897
y_test: 
[ 0.  1.  0.  1.  1.  0.  1.  0.  1.  1.  0.  1.  1.  1.  0.  0.]
y_pred: 
[ 0.  1.  0.  1.  1.  0.  1.  1.  1.  0.  0.  1.  1.  0.  0.  1.]
[[5 2]
 [2 7]]
accuracy: 0.750000
****************************************************************************************************
after fs using grafting l1-norm threshold = 0.2, epsilon = 1e-05: 
selected features index: 
[42, 46, 137, 244, 248]
size of data matrix:  (62, 5)


cross validation scores:  [ 0.84615385  0.69230769  1.          0.83333333  0.66666667] 0.807692307692
y_test: 
[ 0.  1.  0.  1.  1.  0.  1.  0.  1.  1.  0.  1.  1.  1.  0.  0.]
y_pred: 
[ 0.  0.  0.  0.  0.  0.  1.  1.  0.  0.  1.  1.  0.  0.  1.  1.]
[[3 4]
 [7 2]]
accuracy: 0.312500
****************************************************************************************************
after fs using grafting l1-norm with model_new threshold = 0.2, epsilon = 0.1: 
selected features index: 
[248, 376, 764, 1422, 1771, 1971, 1992]
size of data matrix:  (62, 7)
cross validation scores:  [ 0.84615385  0.84615385  0.91666667  0.91666667  0.75      ] 0.855128205128
y_test: 
[ 0.  1.  0.  1.  1.  0.  1.  0.  1.  1.  0.  1.  1.  1.  0.  0.]
y_pred: 
[ 0.  1.  0.  1.  0.  0.  1.  1.  1.  0.  0.  1.  1.  1.  0.  0.]
[[6 1]
 [2 7]]
accuracy: 0.812500
****************************************************************************************************
after fs using grafting l21-nrom threshold = 0.3, epsilon = 0.1: 
selected features index: 
[10, 13, 14, 163, 1643]
size of data matrix:  (62, 5)
cross validation scores:  [ 0.92307692  0.84615385  1.          0.91666667  0.75      ] 0.887179487179
y_test: 
[ 0.  1.  0.  1.  1.  0.  1.  0.  1.  1.  0.  1.  1.  1.  0.  0.]
y_pred: 
[ 0.  1.  0.  1.  0.  0.  1.  1.  1.  1.  1.  1.  1.  0.  0.  0.]
[[5 2]
 [2 7]]
accuracy: 0.750000
****************************************************************************************************
after fs using grafting l21-norm threshold = 0.2, epsilon = 0.1: 
selected features index: 
[2, 10, 13, 14, 163, 1643]
size of data matrix:  (62, 6)
cross validation scores:  [ 0.92307692  1.          1.          0.91666667  0.75      ] 0.917948717949
y_test: 
[ 0.  1.  0.  1.  1.  0.  1.  0.  1.  1.  0.  1.  1.  1.  0.  0.]
y_pred: 
[ 0.  1.  0.  1.  1.  0.  1.  1.  1.  1.  0.  1.  1.  0.  0.  1.]
[[5 2]
 [1 8]]
accuracy: 0.812500
****************************************************************************************************
after fs using grafting l21-norm threshold = 0.1, epsilon = 0.1: 
selected features index: 
[2, 10, 13, 14, 117, 1643]
size of data matrix:  (62, 6)
cross validation scores:  [ 0.92307692  0.84615385  1.          0.83333333  0.75      ] 0.870512820513
y_test: 
[ 0.  1.  0.  1.  1.  0.  1.  0.  1.  1.  0.  1.  1.  1.  0.  0.]
y_pred: 
[ 0.  1.  0.  1.  1.  0.  1.  1.  1.  0.  0.  1.  1.  0.  0.  1.]
[[5 2]
 [2 7]]
accuracy: 0.750000
****************************************************************************************************
after fs using grafting l21-nrom threshold = 0.2, epsilon = 0.15: 
selected features index: 
[14, 48, 65]
size of data matrix:  (62, 3)
cross validation scores:  [ 0.84615385  0.92307692  0.91666667  0.91666667  0.75      ] 0.870512820513
y_test: 
[ 0.  1.  0.  1.  1.  0.  1.  0.  1.  1.  0.  1.  1.  1.  0.  0.]
y_pred: 
[ 0.  1.  0.  1.  1.  0.  1.  1.  1.  0.  0.  1.  1.  0.  0.  1.]
[[5 2]
 [2 7]]
accuracy: 0.750000
****************************************************************************************************
after fs using Alpha-investing: 
selected features index: 
[ 0  2 42 65]
size of data matrix:  (62, 4)
cross validation scores:  [ 0.84615385  1.          0.75        0.75        0.66666667] 0.802564102564
y_test: 
[ 0.  1.  0.  1.  1.  0.  1.  0.  1.  1.  0.  1.  1.  1.  0.  0.]
y_pred: 
[ 0.  1.  0.  1.  1.  0.  1.  1.  1.  0.  0.  1.  1.  0.  0.  1.]
[[5 2]
 [2 7]]
accuracy: 0.750000
****************************************************************************************************
after fs using osfs_z alpha = 0.01: 
selected features index: 
[1973 1992]
size of data matrix:  (62, 2)
cross validation scores:  [ 0.69230769  0.76923077  0.83333333  0.83333333  0.75      ] 0.775641025641
y_test: 
[ 0.  1.  0.  1.  1.  0.  1.  0.  1.  1.  0.  1.  1.  1.  0.  0.]
y_pred: 
[ 0.  1.  1.  1.  0.  0.  1.  1.  1.  0.  0.  1.  1.  0.  0.  0.]
[[5 2]
 [3 6]]
accuracy: 0.687500
****************************************************************************************************
after fs using osfs_z alpha = 0.05: 
selected features index: 
[ 764 1992]
size of data matrix:  (62, 2)
cross validation scores:  [ 0.69230769  0.84615385  0.83333333  0.83333333  0.66666667] 0.774358974359
y_test: 
[ 0.  1.  0.  1.  1.  0.  1.  0.  1.  1.  0.  1.  1.  1.  0.  0.]
y_pred: 
[ 0.  1.  0.  1.  0.  1.  1.  1.  1.  1.  0.  1.  1.  0.  1.  0.]
[[4 3]
 [2 7]]
accuracy: 0.687500
****************************************************************************************************
DONE
