classifying dataset: datas/SRBCT/SRBCT
****************************************************************************************************
origin data: 
size of data matrix:  (83, 2308)
cross validation scores:  [ 1.  1.  1.  1.  1.] 1.0
y_test: 
[ 0.  0.  1.  1.  3.  0.  1.  0.  3.  1.  3.  1.  1.  3.  1.  2.  3.  3.
  1.  3.  0.]
y_pred: 
[ 0.  0.  1.  1.  3.  0.  1.  0.  3.  1.  3.  1.  1.  3.  1.  2.  3.  3.
  1.  3.  0.]
[[5 0 0 0]
 [0 8 0 0]
 [0 0 1 0]
 [0 0 0 7]]
accuracy: 1.000000
****************************************************************************************************
after fs using l21-norm epsilon=0.1 threshold=0.1: 
selected features index: 
[   0    1   16   35 1388]
size of data matrix:  (83, 5)
cross validation scores:  [ 1.          0.82352941  0.88235294  0.9375      0.86666667] 0.902009803922
y_test: 
[ 0.  0.  1.  1.  3.  0.  1.  0.  3.  1.  3.  1.  1.  3.  1.  2.  3.  3.
  1.  3.  0.]
y_pred: 
[ 0.  0.  1.  1.  3.  0.  1.  0.  1.  1.  3.  1.  1.  1.  1.  2.  1.  3.
  1.  3.  0.]
[[5 0 0 0]
 [0 8 0 0]
 [0 0 1 0]
 [0 3 0 4]]
accuracy: 0.857143
****************************************************************************************************
after fs using l21-norm epsilon=0.06 threshold=0.1: 
selected features index: 
[   0    1    2   16   28   30   73  122  245 2156]
size of data matrix:  (83, 10)
cross validation scores:  [ 0.88888889  1.          1.          0.8125      0.93333333] 0.926944444444
y_test: 
[ 0.  0.  1.  1.  3.  0.  1.  0.  3.  1.  3.  1.  1.  3.  1.  2.  3.  3.
  1.  3.  0.]
y_pred: 
[ 0.  0.  1.  1.  3.  0.  1.  0.  2.  0.  3.  1.  1.  3.  1.  2.  3.  3.
  1.  3.  0.]
[[5 0 0 0]
 [1 7 0 0]
 [0 0 1 0]
 [0 0 1 6]]
accuracy: 0.904762
****************************************************************************************************
after fs using l21-norm epsilon=0.05 threshold=0.1: 
selected features index: 
[   0    1    2    4    8    9   11   16   28   30   35   73   88  122 1954
 1999]
size of data matrix:  (83, 16)
cross validation scores:  [ 1.          1.          0.94117647  1.          0.93333333] 0.974901960784
y_test: 
[ 0.  0.  1.  1.  3.  0.  1.  0.  3.  1.  3.  1.  1.  3.  1.  2.  3.  3.
  1.  3.  0.]
y_pred: 
[ 0.  0.  1.  0.  3.  0.  1.  0.  3.  1.  3.  1.  1.  3.  1.  2.  3.  3.
  1.  3.  0.]
[[5 0 0 0]
 [1 7 0 0]
 [0 0 1 0]
 [0 0 0 7]]
accuracy: 0.952381
****************************************************************************************************
after fs using osfs alpha=0.01: 
selected features index: 
[ 364  741 1388 2300]
size of data matrix:  (83, 4)
cross validation scores:  [ 0.88888889  0.94117647  0.82352941  0.875       0.86666667] 0.879052287582
y_test: 
[ 0.  0.  1.  1.  3.  0.  1.  0.  3.  1.  3.  1.  1.  3.  1.  2.  3.  3.
  1.  3.  0.]
y_pred: 
[ 0.  0.  1.  1.  3.  1.  1.  0.  3.  3.  3.  1.  1.  3.  1.  2.  3.  3.
  1.  3.  0.]
[[4 1 0 0]
 [0 7 0 1]
 [0 0 1 0]
 [0 0 0 7]]
accuracy: 0.904762
****************************************************************************************************
after fs using osfs alpha=0.05: 
selected features index: 
[ 254  364  975 1388 2161 2300]
size of data matrix:  (83, 6)
cross validation scores:  [ 0.94444444  0.94117647  0.94117647  0.9375      0.8       ] 0.912859477124
y_test: 
[ 0.  0.  1.  1.  3.  0.  1.  0.  3.  1.  3.  1.  1.  3.  1.  2.  3.  3.
  1.  3.  0.]
y_pred: 
[ 0.  0.  1.  1.  3.  1.  1.  0.  3.  1.  3.  1.  1.  3.  2.  2.  3.  3.
  1.  3.  0.]
[[4 1 0 0]
 [0 7 1 0]
 [0 0 1 0]
 [0 0 0 7]]
accuracy: 0.904762
****************************************************************************************************
after fs using Alpha-investing: 
selected features index: 
[   0    1    2    3    4    6    8   11   25   26   28   30   35   37   40
   53  106  141  235  245  254  290  445  598  880 1649]
size of data matrix:  (83, 26)
cross validation scores:  [ 0.88888889  1.          1.          0.875       0.93333333] 0.939444444444
y_test: 
[ 0.  0.  1.  1.  3.  0.  1.  0.  3.  1.  3.  1.  1.  3.  1.  2.  3.  3.
  1.  3.  0.]
y_pred: 
[ 0.  0.  1.  1.  3.  0.  1.  1.  3.  1.  3.  1.  1.  3.  1.  2.  3.  3.
  1.  3.  0.]
[[4 1 0 0]
 [0 8 0 0]
 [0 0 1 0]
 [0 0 0 7]]
accuracy: 0.952381
****************************************************************************************************
DONE
