2017-04-25 17:27:25,469: deal with ../datas/DLBCL-Stanford/DLBCL-Stanford.mat...
2017-04-25 17:27:25,670: X shape: (47, 4026)
2017-04-25 17:27:25,675: threshold = 0.200000
2017-04-25 17:27:26,149: grad =  0.2755530	
2017-04-25 17:27:26,577: j = 33     obj_value = 0.700101
2017-04-25 17:27:26,578: X_index_retained = [ 33.]
2017-04-25 17:27:26,579: weight_vector = [ 0.05733179 -0.59486733]
2017-04-25 17:27:27,323: grad =  0.2234533	
2017-04-25 17:27:27,962: j = 73     obj_value = 0.674762
2017-04-25 17:27:27,963: X_index_retained = [ 33.  73.]
2017-04-25 17:27:27,964: weight_vector = [ -1.10709981e-08  -1.81108649e-01  -2.93425272e-01]
2017-04-25 17:27:27,999: grad =  0.2145134	
2017-04-25 17:27:29,118: j = 75     obj_value = 0.673636
2017-04-25 17:27:29,119: X_index_retained = [ 33.  73.  75.]
2017-04-25 17:27:29,120: weight_vector = [ -4.94921507e-09  -1.55677154e-01  -2.06489250e-01  -9.01771332e-02]
2017-04-25 17:27:29,134: grad =  0.2006039	
2017-04-25 17:27:31,510: j = 76     obj_value = 0.681425
2017-04-25 17:27:31,511: X_index_retained = [ 33.  73.  75.  76.]
2017-04-25 17:27:31,511: weight_vector = [ -4.42805497e-09  -2.28159375e-01  -2.51982149e-01  -2.52244037e-01
   8.98746676e-03]
2017-04-25 17:27:35,925: grad =  0.2118096	
2017-04-25 17:27:38,692: j = 212    obj_value = 0.673847
2017-04-25 17:27:38,693: X_index_retained = [  33.   73.   76.  212.]
2017-04-25 17:27:38,694: weight_vector = [ -5.80219162e-09  -3.19423899e-02  -2.02159287e-01  -1.98887560e-01
  -3.85666646e-01]
2017-04-25 17:27:58,167: grad = -0.2554379	
2017-04-25 17:28:01,608: j = 808    obj_value = 0.652792
2017-04-25 17:28:01,609: X_index_retained = [  33.   76.  212.  808.]
2017-04-25 17:28:01,610: weight_vector = [ -8.78410030e-09  -8.13216394e-02  -2.65081077e-02  -2.62748433e-01
   3.80638442e-01]
2017-04-25 17:28:12,450: grad = -0.2345994	
2017-04-25 17:28:13,681: j = 1143   obj_value = 0.667130
2017-04-25 17:28:13,682: X_index_retained = [   33.    76.   212.   808.  1143.]
2017-04-25 17:28:13,683: weight_vector = [-0.00357675 -0.00244409 -0.12505509 -0.12876884  0.24019665  0.6083224 ]
2017-04-25 17:28:18,450: grad = -0.2023283	
2017-04-25 17:28:21,549: j = 1272   obj_value = 0.663072
2017-04-25 17:28:21,550: X_index_retained = [   76.   212.   808.  1143.  1272.]
2017-04-25 17:28:21,550: weight_vector = [ -4.92259804e-09   1.67926869e-03  -7.54854782e-03   9.26039851e-02
   3.43132850e-01   5.56309890e-01]
2017-04-25 17:28:21,701: grad = -0.2563521	
2017-04-25 17:28:24,143: j = 1276   obj_value = 0.621770
2017-04-25 17:28:24,144: X_index_retained = [   76.   212.  1143.  1272.  1276.]
2017-04-25 17:28:24,145: weight_vector = [ 0.00480177 -0.00464855 -0.07442091  0.0150913   0.14148775  0.69923195]
2017-04-25 17:28:24,226: grad = -0.2134271	
2017-04-25 17:28:28,776: j = 1278   obj_value = 0.623925
2017-04-25 17:28:28,777: X_index_retained = [   76.   212.  1276.  1278.]
2017-04-25 17:28:28,778: weight_vector = [-0.00134796 -0.01171094 -0.00626031  0.42143083  0.69528381]
2017-04-25 17:28:29,161: grad = -0.2075020	
2017-04-25 17:28:30,054: j = 1290   obj_value = 0.624763
2017-04-25 17:28:30,055: X_index_retained = [   76.   212.  1276.  1278.  1290.]
2017-04-25 17:28:30,056: weight_vector = [ 0.03178448 -0.0171396  -0.20060171  0.04158669  0.25288571  0.52409724]
2017-04-25 17:28:30,824: grad = -0.2074316	
2017-04-25 17:28:34,920: j = 1311   obj_value = 0.632913
2017-04-25 17:28:34,921: X_index_retained = [  212.  1276.  1278.  1290.  1311.]
2017-04-25 17:28:34,922: weight_vector = [ -2.84767400e-04  -2.99902878e-02   1.05968161e-02   1.67495605e-01
   3.48626110e-01   6.47772953e-01]
2017-04-25 17:29:09,186: grad =  0.2041698	
2017-04-25 17:29:13,486: j = 2243   obj_value = 0.615743
2017-04-25 17:29:13,487: X_index_retained = [ 1276.  1278.  1290.  1311.  2243.]
2017-04-25 17:29:13,488: weight_vector = [ -3.61521708e-09   9.35920538e-02   2.05801977e-01   2.20310730e-01
   1.72335577e-01  -3.77129579e-01]
2017-04-25 17:29:56,920: grad = -0.2068475	
2017-04-25 17:29:59,700: j = 3419   obj_value = 0.608121
2017-04-25 17:29:59,701: X_index_retained = [ 1276.  1278.  1290.  1311.  2243.  3419.]
2017-04-25 17:29:59,701: weight_vector = [ -1.55050744e-09   3.71169206e-01   2.01096765e-01   2.78048576e-01
   1.05380229e-01  -3.58747609e-02   7.57712753e-02]
2017-04-25 17:30:24,792: ************************************************************
2017-04-25 17:30:24,793: selected features index retained: [ 1276.  1278.  1290.  1311.  2243.  3419.]
2017-04-25 17:30:24,793: selected features weight: [ -1.55050744e-09   3.71169206e-01   2.01096765e-01   2.78048576e-01
   1.05380229e-01  -3.58747609e-02   7.57712753e-02]
2017-04-25 17:30:24,795: selected features index: [   33.    73.    75.    76.   212.   808.  1143.  1272.  1276.  1278.
  1290.  1311.  2243.  3419.]
2017-04-25 17:30:24,796: objective function values: [ 0.7001006   0.67476199  0.67363577  0.68142503  0.67384733  0.65279225
  0.66713003  0.66307202  0.62177028  0.62392485  0.62476261  0.63291271
  0.61574317  0.60812087]
2017-04-25 17:30:24,796: ************************************************************
2017-04-25 17:30:24,796: DONE
