classifying dataset: datas/DLBCL-Stanford/DLBCL-Stanford
****************************************************************************************************
origin data: 
size of data matrix:  (47, 4026)
cross validation scores:  [ 0.5         0.4         0.5         0.66666667  0.75      ] 0.563333333333
y_test: 
[ 0.  1.  0.  0.  1.  1.  0.  0.  0.  0.  1.  0.]
y_pred: 
[ 1.  0.  1.  1.  1.  1.  0.  1.  1.  0.  1.  1.]
[[2 6]
 [1 3]]
accuracy: 0.416667
****************************************************************************************************
after fs using osfs_z alpha=0.01: 
selected features index: 
[1278, 2416]
size of data matrix:  (47, 2)
cross validation scores:  [ 1.          0.9         0.8         0.77777778  1.        ] 0.895555555556
y_test: 
[ 0.  1.  0.  0.  1.  1.  0.  0.  0.  0.  1.  0.]
y_pred: 
[ 0.  1.  0.  0.  1.  1.  0.  0.  0.  0.  1.  0.]
[[8 0]
 [0 4]]
accuracy: 1.000000
****************************************************************************************************
after fs using osfs_z alpha=0.02: 
selected features index: 
[1278, 2416]
size of data matrix:  (47, 2)
cross validation scores:  [ 1.          0.9         0.8         0.77777778  1.        ] 0.895555555556
y_test: 
[ 0.  1.  0.  0.  1.  1.  0.  0.  0.  0.  1.  0.]
y_pred: 
[ 0.  1.  0.  0.  1.  1.  0.  0.  0.  0.  1.  0.]
[[8 0]
 [0 4]]
accuracy: 1.000000
****************************************************************************************************
after fs using Alpha_investing: 
selected features index: 
[0, 682, 1276]
size of data matrix:  (47, 3)
cross validation scores:  [ 1.          0.9         0.7         0.88888889  0.875     ] 0.872777777778
y_test: 
[ 0.  1.  0.  0.  1.  1.  0.  0.  0.  0.  1.  0.]
y_pred: 
[ 0.  1.  0.  1.  1.  1.  0.  0.  0.  0.  0.  0.]
[[7 1]
 [1 3]]
accuracy: 0.833333
****************************************************************************************************
after fs using grafting l1-norm threshold = 0.2, epsilon = 0.01: 
selected features index: 
[1276, 1278, 1290, 1311, 2243, 3419]
size of data matrix:  (47, 6)
cross validation scores:  [ 1.          0.8         0.9         0.88888889  0.875     ] 0.892777777778
y_test: 
[ 0.  1.  0.  0.  1.  1.  0.  0.  0.  0.  1.  0.]
y_pred: 
[ 0.  1.  0.  0.  1.  1.  0.  0.  0.  0.  1.  0.]
[[8 0]
 [0 4]]
accuracy: 1.000000
****************************************************************************************************
after fs using grafting l1-norm threshold = 0.2, epsilon = 0.01 validation condition be |grad|>threhshold: 
selected features index: 
[1276, 1278, 1290, 1311, 2243, 2416, 3015, 3419]
size of data matrix:  (47, 8)
cross validation scores:  [ 1.          0.8         0.8         0.88888889  0.875     ] 0.872777777778
y_test: 
[ 0.  1.  0.  0.  1.  1.  0.  0.  0.  0.  1.  0.]
y_pred: 
[ 0.  1.  0.  0.  1.  1.  0.  0.  0.  0.  1.  0.]
[[8 0]
 [0 4]]
accuracy: 1.000000
****************************************************************************************************
after fs using grafting l21-norm threshold = 0.2, epsilon = 0.1, : 
selected features index: 
[21, 25, 33, 41, 68, 136, 1125, 1276, 3201]
size of data matrix:  (47, 9)
cross validation scores:  [ 1.          1.          0.7         0.88888889  1.        ] 0.917777777778
y_test: 
[ 0.  1.  0.  0.  1.  1.  0.  0.  0.  0.  1.  0.]
y_pred: 
[ 0.  1.  0.  0.  1.  1.  0.  0.  0.  0.  0.  0.]
[[8 0]
 [1 3]]
accuracy: 0.916667
****************************************************************************************************
after fs using grafting l21-norm threshold = 0.2, epsilon = 0.05: 
selected features index: 
[3, 10, 12, 17, 24, 28, 33, 38, 45, 57, 69, 73, 135, 180, 229, 245, 268, 2290, 3622]
size of data matrix:  (47, 19)
cross validation scores:  [ 0.9         0.9         1.          0.77777778  0.75      ] 0.865555555556
y_test: 
[ 0.  1.  0.  0.  1.  1.  0.  0.  0.  0.  1.  0.]
y_pred: 
[ 0.  1.  0.  0.  1.  1.  0.  0.  0.  0.  0.  0.]
[[8 0]
 [1 3]]
accuracy: 0.916667
****************************************************************************************************
after fs using grafting l21-norm threshold = 0.2, epsilon = 0.2: 
selected features index: 
[33, 136]
size of data matrix:  (47, 2)
cross validation scores:  [ 0.8         0.7         0.9         0.77777778  0.75      ] 0.785555555556
y_test: 
[ 0.  1.  0.  0.  1.  1.  0.  0.  0.  0.  1.  0.]
y_pred: 
[ 0.  1.  1.  0.  1.  1.  0.  0.  0.  0.  1.  0.]
[[7 1]
 [0 4]]
accuracy: 0.916667
****************************************************************************************************
after fs using grafting l21-norm threshold = 0.1, epsilon = 0.1: 
selected features index: 
[12, 24, 33, 68, 136, 212, 1280, 1363]
size of data matrix:  (47, 8)
cross validation scores:  [ 1.          0.8         1.          0.88888889  0.75      ] 0.887777777778
y_test: 
[ 0.  1.  0.  0.  1.  1.  0.  0.  0.  0.  1.  0.]
y_pred: 
[ 0.  1.  0.  0.  1.  1.  0.  0.  0.  0.  1.  0.]
[[8 0]
 [0 4]]
accuracy: 1.000000
****************************************************************************************************
DONE
