classifying dataset: datas/LungCancer_M/lung-michigan
****************************************************************************************************
origin data: 
size of data matrix:  (96, 7129)
cross validation scores:  [ 1.  1.  1.  1.  1.] 1.0
y_test: 
[ 0.  0.  0.  0.  0.  0.  0.  0.  0.  0.  0.  0.  1.  0.  0.  0.  0.  0.
  0.  0.  0.  0.  0.  1.]
y_pred: 
[ 0.  0.  0.  0.  0.  0.  0.  0.  0.  0.  0.  0.  1.  0.  0.  0.  0.  0.
  0.  0.  0.  0.  0.  1.]
[[22  0]
 [ 0  2]]
accuracy: 1.000000
****************************************************************************************************
after fs using osfs_z alpha = 0.01: 
selected features index: 
[2967 6043 6543 6900]
size of data matrix:  (96, 4)
cross validation scores:  [ 1.  1.  1.  1.  1.] 1.0
y_test: 
[ 0.  0.  0.  0.  0.  0.  0.  0.  0.  0.  0.  0.  1.  0.  0.  0.  0.  0.
  0.  0.  0.  0.  0.  1.]
y_pred: 
[ 0.  0.  0.  0.  0.  0.  0.  0.  1.  0.  0.  0.  1.  0.  0.  0.  0.  0.
  0.  0.  0.  0.  0.  1.]
[[21  1]
 [ 0  2]]
accuracy: 0.958333
****************************************************************************************************
after fs using Alpha_investing: 
selected features index: 
[   0    1    2    3    5    9   12   25   27   30   31   36   39   40   48
   52   54   81  104  172  204  217  243  255 1079 1552 6913]
size of data matrix:  (96, 27)
cross validation scores:  [ 0.95        1.          0.94736842  0.94736842  1.        ] 0.968947368421
y_test: 
[ 0.  0.  0.  0.  0.  0.  0.  0.  0.  0.  0.  0.  1.  0.  0.  0.  0.  0.
  0.  0.  0.  0.  0.  1.]
y_pred: 
[ 0.  0.  0.  0.  0.  0.  0.  0.  0.  0.  0.  0.  1.  0.  0.  0.  0.  0.
  0.  0.  0.  0.  0.  1.]
[[22  0]
 [ 0  2]]
accuracy: 1.000000
****************************************************************************************************
after fs using grafting_l1  threshold = 0.2, epsilon = 0.01: 
selected features index: 
[1462]
size of data matrix:  (96, 1)
cross validation scores:  [ 0.95        1.          1.          1.          0.94736842] 0.979473684211
y_test: 
[ 0.  0.  0.  0.  0.  0.  0.  0.  0.  0.  0.  0.  1.  0.  0.  0.  0.  0.
  0.  0.  0.  0.  0.  1.]
y_pred: 
[ 0.  0.  0.  0.  0.  0.  0.  0.  0.  0.  0.  0.  1.  0.  0.  0.  0.  0.
  0.  0.  0.  0.  0.  1.]
[[22  0]
 [ 0  2]]
accuracy: 1.000000
****************************************************************************************************
after fs using grafting_L21 threshold = 0.2, epsilon = 0.1: 
selected features index: 
[ 48  75  81 227]
size of data matrix:  (96, 4)
cross validation scores:  [ 0.95        1.          0.94736842  1.          0.89473684] 0.958421052632
y_test: 
[ 0.  0.  0.  0.  0.  0.  0.  0.  0.  0.  0.  0.  1.  0.  0.  0.  0.  0.
  0.  0.  0.  0.  0.  1.]
y_pred: 
[ 0.  0.  0.  0.  0.  0.  0.  0.  0.  0.  0.  0.  1.  0.  0.  0.  0.  0.
  0.  0.  0.  0.  0.  1.]
[[22  0]
 [ 0  2]]
accuracy: 1.000000
****************************************************************************************************
after fs using grafting_L21 threshold = 0.01, esiplon = 0.05: 
selected features index: 
[  9  14  18  22  24  32  35  36  70  75  81 133 224]
size of data matrix:  (96, 13)
cross validation scores:  [ 1.          1.          0.94736842  1.          1.        ] 0.989473684211
y_test: 
[ 0.  0.  0.  0.  0.  0.  0.  0.  0.  0.  0.  0.  1.  0.  0.  0.  0.  0.
  0.  0.  0.  0.  0.  1.]
y_pred: 
[ 0.  0.  0.  0.  0.  0.  0.  0.  0.  0.  0.  0.  1.  0.  0.  0.  0.  0.
  0.  0.  0.  0.  0.  1.]
[[22  0]
 [ 0  2]]
accuracy: 1.000000
****************************************************************************************************
DONE
