classifying dataset: ../datas/gene/dataset/DLBCL.mat
origin (6):
y_true: [0 0 0 0 1 0 0 0 0 0 0 1 1 1 0 1 0 0 0 0 0 0 0 0 1 0 0 1 0 1 1 0 0 0 0 0 1
 0 0]
y_pred: [0 0 0 0 1 0 0 0 0 0 0 0 1 1 0 0 0 0 0 0 0 0 0 0 1 1 0 1 0 1 1 0 0 0 0 0 0
 0 0]
confusion_matrix:
[[28  1]
 [ 3  7]]
accuray: 0.897435897436
recall_score: 0.7
pression_score: 0.875
f1_score: 0.777777777778
mattews_corrceof: 0.719668459695

imbalance (7):
y_true: [0 0 0 0 1 0 0 0 0 0 0 1 1 1 0 1 0 0 0 0 0 0 0 0 1 0 0 1 0 1 1 0 0 0 0 0 1
 0 0]
y_pred: [0 0 0 0 1 0 0 0 0 0 0 1 1 1 0 0 0 0 0 0 0 0 0 0 1 0 0 1 1 0 1 0 0 0 0 0 1
 0 0]
confusion_matrix:
[[28  1]
 [ 2  8]]
accuray: 0.923076923077
recall_score: 0.8
pression_score: 0.888888888889
f1_score: 0.842105263158
mattews_corrceof: 0.79336327578

# next
classifying dataset: ../datas/gene/dataset/DLBCL.mat
origin (6):
y_true: [0 0 1 1 0 0 0 0 0 1 1 0 1 0 1 0 0 0 0 0 0 0 0 0 0 0 0 0 0 0 0 0 0 1 1 0 1
 0 0]
y_pred: [0 0 1 1 1 0 0 0 0 1 1 0 0 0 1 0 0 0 0 0 0 0 0 0 0 0 0 0 0 0 0 0 1 1 1 0 1
 0 1]
confusion_matrix:
[[27  3]
 [ 1  8]]
accuray: 0.897435897436
recall_score: 0.888888888889
pression_score: 0.727272727273
f1_score: 0.8
mattews_corrceof: 0.738622210987

imbalance (7):
y_true: [0 0 1 1 0 0 0 0 0 1 1 0 1 0 1 0 0 0 0 0 0 0 0 0 0 0 0 0 0 0 0 0 0 1 1 0 1
 0 0]
y_pred: [0 0 1 1 0 0 0 0 0 1 1 0 1 0 1 0 0 0 0 0 0 0 0 0 0 0 0 0 0 0 0 0 0 1 1 0 0
 0 1]
confusion_matrix:
[[29  1]
 [ 1  8]]
accuray: 0.948717948718
recall_score: 0.888888888889
pression_score: 0.888888888889
f1_score: 0.888888888889
mattews_corrceof: 0.855555555556


# next
classifying dataset: ../datas/gene/dataset/DLBCL.mat
origin (6):
y_true: [0 0 0 0 0 0 0 1 0 0 0 0 0 0 1 0 1 1 0 0 0 0 0 0 1 0 1 0 0 0 1 1 0 0 0 0 0
 0 1]
y_pred: [0 1 0 1 0 0 0 1 0 0 0 0 1 0 1 1 1 1 0 0 0 0 0 0 1 0 1 0 0 0 1 1 0 0 1 0 0
 0 1]
confusion_matrix:
[[25  5]
 [ 0  9]]
accuray: 0.871794871795
mattews_corrceof: 0.731925054711
recall_score: 1.0
pression_score: 0.642857142857
f1_score: 0.782608695652

imbalance (7):
y_true: [0 0 0 0 0 0 0 1 0 0 0 0 0 0 1 0 1 1 0 0 0 0 0 0 1 0 1 0 0 0 1 1 0 0 0 0 0
 0 1]
y_pred: [0 0 0 0 0 0 0 1 0 0 0 0 0 0 1 0 1 0 0 0 0 0 0 0 1 0 0 0 0 0 1 1 0 0 0 0 0
 0 1]
confusion_matrix:
[[30  0]
 [ 2  7]]
accuray: 0.948717948718
mattews_corrceof: 0.85391256383
recall_score: 0.777777777778
pression_score: 1.0
f1_score: 0.875