classifying dataset: datas/gene/ALLAML
****************************************************************************************************
origin data: 
size of data matrix:  (72, 7129)
size of label matrix:  (72,)
cross validation scores:  [ 1.          1.          1.          0.78571429  0.92857143] 0.942857142857
[[10  3]
 [ 1  4]]
accuracy: 0.777778
****************************************************************************************************
after fs using grafting l1-norm threshold = 0.2, epsilon = 0.1: 
selected features index: 
[1744, 1778, 1833, 1881, 2019, 2287, 3251, 4195, 4846, 4950, 6538, 6796, 6854, 6918, 6921, 7000, 7019, 7045, 7118]
size of data matrix:  (72, 19)
size of label matrix:  (72,)
cross validation scores:  [ 1.          0.86666667  1.          1.          0.92857143] 0.959047619048
[[13  0]
 [ 1  4]]
accuracy: 0.944444
****************************************************************************************************
after fs using grafting l21-norm threshold = 0.3, epsilon = 0.1: 
selected features index: 
[3, 47, 87, 128, 141, 261, 1206, 1766]
size of data matrix:  (72, 8)
size of label matrix:  (72,)
cross validation scores:  [ 1.          0.93333333  0.92857143  0.92857143  0.92857143] 0.94380952381
[[13  0]
 [ 0  5]]
accuracy: 1.000000
****************************************************************************************************
after fs using grafting l21-norm threshold = 0.2, epsilon = 0.1: 
selected features index: 
[3, 16, 64, 87, 128, 139, 141, 449, 1778]
size of data matrix:  (72, 9)
size of label matrix:  (72,)
cross validation scores:  [ 0.93333333  0.93333333  1.          1.          1.        ] 0.973333333333
[[13  0]
 [ 1  4]]
accuracy: 0.944444
****************************************************************************************************
after fs using grafting l21-norm threshold = 0.1, epsilon = 0.1: 
selected features index: 
[3, 11, 21, 35, 40, 64, 87, 128, 773, 1143, 1778]
size of data matrix:  (72, 11)
size of label matrix:  (72,)
cross validation scores:  [ 0.93333333  0.93333333  1.          0.78571429  0.92857143] 0.91619047619
[[12  1]
 [ 1  4]]
accuracy: 0.888889
****************************************************************************************************
after fs using grafting l21-norm threshold = 0.2, epsilon = 0.05: 
selected features index: 
[7, 10, 13, 16, 19, 21, 24, 35, 37, 38, 47, 52, 64, 87, 97, 106, 134, 210, 712, 929, 1201, 6168]
size of data matrix:  (72, 22)
size of label matrix:  (72,)
cross validation scores:  [ 1.          1.          0.92857143  0.85714286  1.        ] 0.957142857143
[[13  0]
 [ 0  5]]
accuracy: 1.000000
****************************************************************************************************
after fs using fast_osfs_z alpha = 0.01: 
selected features index: 
[1673 1778 1833 4195 4950 5061]
size of data matrix:  (72, 6)
size of label matrix:  (72,)
cross validation scores:  [ 1.          1.          1.          1.          0.92857143] 0.985714285714
[[13  0]
 [ 1  4]]
accuracy: 0.944444
****************************************************************************************************
after fs using fast_osfs_z alpha = 0.05: 
selected features index: 
[1673 1684 1778 1795 1833 2287 3846 4195]
size of data matrix:  (72, 8)
size of label matrix:  (72,)
cross validation scores:  [ 1.          1.          1.          1.          0.92857143] 0.985714285714
[[13  0]
 [ 1  4]]
accuracy: 0.944444
****************************************************************************************************
after fs using Alpha_investing: 
selected features index: 
[0]
size of data matrix:  (72, 1)
size of label matrix:  (72,)
cross validation scores:  [ 0.66666667  0.66666667  0.64285714  0.64285714  0.64285714] 0.652380952381
[[13  0]
 [ 5  0]]
accuracy: 0.722222
****************************************************************************************************
DONE
