classifying dataset: datas/gene/GLI_85
****************************************************************************************************
origin data: 
size of data matrix:  (85, 22283)
size of label matrix:  (85,)
cross validation scores:  [ 0.94444444  0.76470588  0.82352941  0.88235294  0.8125    ] 0.845506535948
[[ 3  0]
 [ 4 15]]
accuracy: 0.818182
****************************************************************************************************
after fs using grafting l21-norm threshold = 0.2, epsilon = 0.1: 
selected features index: 
[2, 5, 9, 19, 28, 96, 98, 520, 9350]
size of data matrix:  (85, 9)
size of label matrix:  (85,)
cross validation scores:  [ 0.88888889  0.94117647  0.88235294  0.94117647  0.9375    ] 0.918218954248
[[ 3  0]
 [ 2 17]]
accuracy: 0.909091
****************************************************************************************************
after fs using grafting l21-norm threshold = 0.1, epsilon = 0.1: 
selected features index: 
[2, 5, 9, 19, 28, 96, 98, 520, 6197]
size of data matrix:  (85, 9)
size of label matrix:  (85,)
cross validation scores:  [ 0.94444444  1.          0.82352941  1.          0.9375    ] 0.941094771242
[[ 3  0]
 [ 2 17]]
accuracy: 0.909091
****************************************************************************************************
after fs using grafting l21-norm threshold = 0.1, epsilon = 0.05: 
selected features index: 
[1, 2, 5, 15, 19, 21, 23, 49, 50, 79, 96, 98, 104, 113, 175, 217, 551, 1152, 1178, 2104, 10282]
size of data matrix:  (85, 21)
size of label matrix:  (85,)
cross validation scores:  [ 0.88888889  0.88235294  0.94117647  0.88235294  0.9375    ] 0.906454248366
[[ 3  0]
 [ 1 18]]
accuracy: 0.954545
****************************************************************************************************
after fs using grafting l21-norm threshold = 0.05, epsilon = 0.1: 
selected features index: 
[2, 5, 9, 19, 28, 96, 98, 520, 5070, 7221]
size of data matrix:  (85, 10)
size of label matrix:  (85,)
cross validation scores:  [ 1.          0.88235294  0.82352941  0.94117647  0.9375    ] 0.916911764706
[[ 3  0]
 [ 0 19]]
accuracy: 1.000000
****************************************************************************************************
after fs using fast_osfs_z alpha = 0.05: 
selected features index: 
[  473  1154  1327  3454  9381 10266 12846 21131]
size of data matrix:  (85, 8)
size of label matrix:  (85,)
cross validation scores:  [ 0.88888889  1.          0.88235294  0.94117647  1.        ] 0.942483660131
[[ 0  3]
 [ 0 19]]
accuracy: 0.863636
****************************************************************************************************
after fs using fast_osfs_z alpha = 0.01: 
selected features index: 
[  473   774   902  6061 21104]
size of data matrix:  (85, 5)
size of label matrix:  (85,)
cross validation scores:  [ 0.94444444  1.          0.94117647  0.94117647  1.        ] 0.965359477124
[[ 3  0]
 [ 4 15]]
accuracy: 0.818182
****************************************************************************************************
after fs using osfd_z alpha = 0.05: 
selected features index: 
[ 3454 10396 11677]
size of data matrix:  (85, 3)
size of label matrix:  (85,)
cross validation scores:  [ 0.94444444  1.          1.          0.94117647  1.        ] 0.977124183007
[[ 0  3]
 [ 0 19]]
accuracy: 0.863636
****************************************************************************************************
after fs using osfs_z alpha = 0.01: 
selected features index: 
[20136 20886]
size of data matrix:  (85, 2)
size of label matrix:  (85,)
cross validation scores:  [ 1.          0.82352941  1.          0.94117647  0.875     ] 0.927941176471
[[ 0  3]
 [ 0 19]]
accuracy: 0.863636
****************************************************************************************************
after fs using Alpha_investing: 
selected features index: 
[    0     1     2     3     5    12    13    15    19    26    32    41
    46    85    96    98   101   104   165  1449  1772  2227  3484  3564
  6435 13687 14766]
size of data matrix:  (85, 27)
size of label matrix:  (85,)
cross validation scores:  [ 1.          0.88235294  0.94117647  0.82352941  0.9375    ] 0.916911764706
[[ 3  0]
 [ 7 12]]
accuracy: 0.681818
****************************************************************************************************
DONE
