classifying dataset: datas/gene/GLIOMA
****************************************************************************************************
origin data: 
size of data matrix:  (50, 4434)
size of label matrix:  (50,)
cross validation scores:  [ 0.72727273  0.72727273  0.8         0.8         0.875     ] 0.785909090909
[[0 0 2 0]
 [0 0 0 0]
 [0 0 3 2]
 [3 1 0 2]]
accuracy: 0.384615
****************************************************************************************************
after fs using grafting l21-norm threshold = 0.1, epsilon = 0.05: 
selected features index: 
[0, 2, 4, 6, 8, 15, 19, 20, 28, 30, 32, 34, 44, 62, 126, 174, 224, 1867, 1976]
size of data matrix:  (50, 19)
size of label matrix:  (50,)
cross validation scores:  [ 0.81818182  0.81818182  0.9         0.7         0.75      ] 0.797272727273
[[1 0 1 0]
 [0 0 0 0]
 [1 2 2 0]
 [0 0 1 5]]
accuracy: 0.615385
****************************************************************************************************
after fs using grafting l21-norm threshold = 0.1, epsilon = 0.1: 
selected features index: 
[4, 6, 32, 34, 149, 266, 1586]
size of data matrix:  (50, 7)
size of label matrix:  (50,)
cross validation scores:  [ 0.72727273  0.72727273  0.9         0.7         0.625     ] 0.735909090909
[[2 0 0]
 [2 1 2]
 [1 1 4]]
accuracy: 0.538462
****************************************************************************************************
after fs using grafting l21-norm threshold = 0.2, epsilon = 0.1: 
selected features index: 
[4, 6, 32, 65, 179, 237, 263]
size of data matrix:  (50, 7)
size of label matrix:  (50,)
cross validation scores:  [ 0.54545455  0.63636364  0.8         0.7         0.75      ] 0.686363636364
[[2 0 0]
 [2 3 0]
 [1 0 5]]
accuracy: 0.769231
****************************************************************************************************
after fs using grafting l21-norm threshold = 0.2, epsilon = 0.05: 
selected features index: 
[0, 4, 6, 8, 15, 20, 23, 28, 30, 32, 34, 62, 116, 266, 383, 542, 547, 2376, 3939]
size of data matrix:  (50, 19)
size of label matrix:  (50,)
cross validation scores:  [ 0.72727273  0.63636364  0.7         0.8         0.625     ] 0.697727272727
[[2 0 0 0]
 [0 0 0 0]
 [0 1 4 0]
 [2 0 0 4]]
accuracy: 0.769231
****************************************************************************************************
after fs using osfs_z alpha = 0.01: 
selected features index: 
[1870 4430]
size of data matrix:  (50, 2)
size of label matrix:  (50,)
cross validation scores:  [ 0.36363636  0.45454545  0.6         0.5         0.625     ] 0.508636363636
[[1 1 0 0]
 [0 0 0 0]
 [1 0 0 4]
 [1 0 0 5]]
accuracy: 0.461538
****************************************************************************************************
after fs using osfs_z alpha = 0.05: 
selected features index: 
[1870 2843 3243]
size of data matrix:  (50, 3)
size of label matrix:  (50,)
cross validation scores:  [ 0.54545455  0.54545455  0.6         0.6         0.625     ] 0.583181818182
[[2 0 0]
 [4 0 1]
 [2 0 4]]
accuracy: 0.461538
****************************************************************************************************
after fs using Alpha_investing: 
selected features index: 
[  0   2   9 158]
size of data matrix:  (50, 4)
size of label matrix:  (50,)
cross validation scores:  [ 0.36363636  0.54545455  0.6         0.6         0.75      ] 0.571818181818
[[2 0 0]
 [0 1 4]
 [1 1 4]]
accuracy: 0.538462
****************************************************************************************************
DONE
