classifying dataset: datas/gene/lung
****************************************************************************************************
origin data: 
size of data matrix:  (203, 3312)
size of label matrix:  (203,)
cross validation scores:  [ 0.97674419  0.95121951  0.975       0.975       0.92307692] 0.960208124264
[[36  2  0  0  0]
 [ 0  3  0  0  0]
 [ 1  0  5  0  0]
 [ 0  0  0  3  0]
 [ 0  0  0  0  1]]
accuracy: 0.941176
****************************************************************************************************
after fs using grafting l21-norm threshold = 0.2, epsilon = 0.05: 
selected features index: 
[1, 4, 8, 28, 36, 41, 52, 471, 3243]
size of data matrix:  (203, 9)
size of label matrix:  (203,)
cross validation scores:  [ 0.8372093   0.80487805  0.875       0.9         0.87179487] 0.85777644458
[[36  2  0  0  0]
 [ 1  2  0  0  0]
 [ 2  0  4  0  0]
 [ 0  0  0  3  0]
 [ 0  0  0  0  1]]
accuracy: 0.901961
****************************************************************************************************
after fs using grafting l21-norm threshold = 0.1, epsilon = 0.05: 
selected features index: 
[0, 1, 4, 9, 36, 41, 52, 71, 260, 791]
size of data matrix:  (203, 10)
size of label matrix:  (203,)
cross validation scores:  [ 0.88372093  0.75609756  0.825       0.925       0.84615385] 0.847194467472
[[37  1  0  0  0]
 [ 0  3  0  0  0]
 [ 3  0  3  0  0]
 [ 0  0  0  3  0]
 [ 1  0  0  0  0]]
accuracy: 0.901961
****************************************************************************************************
after fs using Alpha_investing: 
selected features index: 
[   0    1    4    7    8    9   11   16   24   30   32   33   38   39   41
   42   46   54   67   69   74   81   92  140  234  290  294  355  443  496
  523  550  555  775  791  989 1006 1016 1029 1157 1265 1332 1363 2251 2988]
size of data matrix:  (203, 45)
size of label matrix:  (203,)
cross validation scores:  [ 0.97674419  0.95121951  0.95        0.975       0.87179487] 0.944951714007
[[36  2  0  0  0]
 [ 0  3  0  0  0]
 [ 2  0  4  0  0]
 [ 0  0  0  3  0]
 [ 0  0  0  0  1]]
accuracy: 0.921569
****************************************************************************************************
after fs using fast_osfs_z alpha = 0.01: 
selected features index: 
[ 791 1533 2044 2293 2341 2429 2512 2547 2658 2948 3242]
size of data matrix:  (203, 11)
size of label matrix:  (203,)
cross validation scores:  [ 0.86046512  0.87804878  0.8         0.85        0.84615385] 0.846933548584
[[37  1  0  0  0]
 [ 1  2  0  0  0]
 [ 2  0  3  0  1]
 [ 0  0  0  3  0]
 [ 0  0  1  0  0]]
accuracy: 0.882353
****************************************************************************************************
after fs using fast_osfs_z alpha = 0.05: 
selected features index: 
[ 775  791 1404 1533 1819 1835 1981 2044 2270 2293 2341 2429 2512 2547 2948
 3243]
size of data matrix:  (203, 16)
size of label matrix:  (203,)
cross validation scores:  [ 0.88372093  0.87804878  0.85        0.875       0.8974359 ] 0.876841121631
[[37  1  0  0  0]
 [ 0  3  0  0  0]
 [ 0  1  4  0  1]
 [ 0  0  0  3  0]
 [ 0  0  0  0  1]]
accuracy: 0.941176
****************************************************************************************************
after fs using osfs_z alpha = 0.01: 
selected features index: 
[1533 1981 2270 2341 2547 2762 2948 3243]
size of data matrix:  (203, 8)
size of label matrix:  (203,)
cross validation scores:  [ 0.8372093   0.87804878  0.875       0.875       0.92307692] 0.877667001178
[[35  1  1  1  0]
 [ 0  3  0  0  0]
 [ 1  1  4  0  0]
 [ 0  0  0  3  0]
 [ 1  0  0  0  0]]
accuracy: 0.882353
****************************************************************************************************
after fs using osfs_z alpha = 0.05: 
selected features index: 
[ 775 1404 1533 1981 2044 2341 2547 2659 2855 2948 3243]
size of data matrix:  (203, 11)
size of label matrix:  (203,)
cross validation scores:  [ 0.79069767  0.85365854  0.85        0.875       0.8974359 ] 0.853358421688
[[36  1  1  0  0]
 [ 0  3  0  0  0]
 [ 3  0  3  0  0]
 [ 0  0  0  3  0]
 [ 1  0  0  0  0]]
accuracy: 0.882353
****************************************************************************************************
DONE
