classifying dataset: datas/gene/lymphoma
****************************************************************************************************
origin data: 
size of data matrix:  (96, 4026)
size of label matrix:  (96,)
cross validation scores:  [ 0.83333333  0.95        1.          0.94444444  0.875     ] 0.920555555556
[[8 1 0 0 0 0 0 1]
 [0 2 0 0 0 0 0 0]
 [0 0 3 0 0 0 0 0]
 [0 0 0 3 0 0 0 0]
 [0 0 0 0 3 0 0 0]
 [0 0 0 0 0 1 0 0]
 [0 0 0 0 0 0 1 0]
 [0 0 0 0 0 0 0 1]]
accuracy: 0.916667
****************************************************************************************************
after fs using grafting l21_norm threshold = 0.1, epsilon = 0.05: 
selected features index: 
[14, 61, 92, 120, 150, 161, 206, 1621]
size of data matrix:  (96, 8)
size of label matrix:  (96,)
cross validation scores:  [ 0.58333333  0.85        0.66666667  0.77777778  0.875     ] 0.750555555556
[[9 0 0 0 0 0 1 0]
 [0 2 0 0 0 0 0 0]
 [0 0 3 0 0 0 0 0]
 [0 0 0 3 0 0 0 0]
 [0 0 0 0 3 0 0 0]
 [1 0 0 0 0 0 0 0]
 [0 0 0 0 0 0 1 0]
 [1 0 0 0 0 0 0 0]]
accuracy: 0.875000
****************************************************************************************************
after fs using grafting l21-norm threshold = 0.2, epsilon = 0.01: 
selected features index: 
[0, 2, 9, 18, 20, 26, 33, 37, 39, 44, 46, 55, 60, 61, 62, 66, 68, 69, 91, 95, 103, 110, 118, 138, 147, 148, 158, 162, 196, 223, 318, 422, 462, 591, 641, 684, 799, 1175, 1218, 1247, 1343, 1375, 2351, 2405]
size of data matrix:  (96, 44)
size of label matrix:  (96,)
cross validation scores:  [ 0.70833333  0.8         0.94444444  0.88888889  0.75      ] 0.818333333333
[[6 1 0 1 2 0 0 0]
 [0 2 0 0 0 0 0 0]
 [0 0 3 0 0 0 0 0]
 [0 0 0 3 0 0 0 0]
 [0 2 0 0 1 0 0 0]
 [1 0 0 0 0 0 0 0]
 [0 0 0 0 0 0 1 0]
 [1 0 0 0 0 0 0 0]]
accuracy: 0.666667
****************************************************************************************************
after fs using fast_osfs_z alpha = 0.01: 
selected features index: 
[  70  497 1118 1614 1784 3750]
size of data matrix:  (96, 6)
size of label matrix:  (96,)
cross validation scores:  [ 0.58333333  0.75        0.77777778  0.72222222  0.625     ] 0.691666666667
[[10  0  0  0  0  0  0  0  0]
 [ 0  0  1  0  1  0  0  0  0]
 [ 0  1  2  0  0  0  0  0  0]
 [ 0  1  0  2  0  0  0  0  0]
 [ 0  0  0  0  2  0  0  0  1]
 [ 0  0  0  0  0  0  0  0  1]
 [ 0  0  0  0  0  0  1  0  0]
 [ 0  0  0  1  0  0  0  0  0]
 [ 0  0  0  0  0  0  0  0  0]]
accuracy: 0.708333
****************************************************************************************************
after fs using fast_osfs_z alpha = 0.05: 
selected features index: 
[  70  497 1118 1614 1784 2515 3750]
size of data matrix:  (96, 7)
size of label matrix:  (96,)
cross validation scores:  [ 0.625       0.65        0.77777778  0.72222222  0.625     ] 0.68
[[9 1 0 0 0 0 0 0 0]
 [0 0 1 0 1 0 0 0 0]
 [0 1 2 0 0 0 0 0 0]
 [0 1 0 2 0 0 0 0 0]
 [0 0 0 0 2 0 0 0 1]
 [0 0 0 0 0 1 0 0 0]
 [0 0 1 0 0 0 0 0 0]
 [0 0 0 1 0 0 0 0 0]
 [0 0 0 0 0 0 0 0 0]]
accuracy: 0.666667
****************************************************************************************************
after fs using Alpha_investing: 
selected features index: 
[0]
size of data matrix:  (96, 1)
size of label matrix:  (96,)
cross validation scores:  [ 0.41666667  0.45        0.5         0.5         0.5625    ] 0.485833333333
[[10  0  0  0  0  0  0  0]
 [ 2  0  0  0  0  0  0  0]
 [ 3  0  0  0  0  0  0  0]
 [ 3  0  0  0  0  0  0  0]
 [ 3  0  0  0  0  0  0  0]
 [ 1  0  0  0  0  0  0  0]
 [ 1  0  0  0  0  0  0  0]
 [ 1  0  0  0  0  0  0  0]]
accuracy: 0.416667
****************************************************************************************************
DONE
