classifying dataset: datas/gene/Prostate_GE
****************************************************************************************************
origin data: 
size of data matrix:  (102, 5966)
size of label matrix:  (102,)
cross validation scores:  [ 0.9047619  0.9047619  0.95       0.85       1.       ] 0.921904761905
[[10  1]
 [ 2 13]]
accuracy: 0.884615
****************************************************************************************************
after fs using grafting l1-norm threshold = 0.2, epsilon = 0.1: 
selected features index: 
[2585, 4162, 4283, 4646, 4959, 4977, 5942, 5961]
size of data matrix:  (102, 8)
size of label matrix:  (102,)
cross validation scores:  [ 1.         0.9047619  0.95       0.85       1.       ] 0.940952380952
[[10  1]
 [ 1 14]]
accuracy: 0.923077
****************************************************************************************************
after fs using grafting l21-norm threshold = 0.1, epsilon = 0.05: 
selected features index: 
[1, 2, 7, 36, 44, 61, 73, 74, 80, 105, 202, 227, 624, 878, 1050, 1507, 1522, 1545, 2585, 3220, 3266]
size of data matrix:  (102, 21)
size of label matrix:  (102,)
cross validation scores:  [ 0.95238095  0.9047619   1.          0.85        1.        ] 0.941428571429
[[10  1]
 [ 1 14]]
accuracy: 0.923077
****************************************************************************************************
after fs using grafting l21-norm threshold = 0.2, epsilon = 0.05: 
selected features index: 
[2, 7, 44, 73, 80, 105, 106, 202, 385, 997, 1191, 1463, 1509, 1522, 2366, 2660]
size of data matrix:  (102, 16)
size of label matrix:  (102,)
cross validation scores:  [ 1.          0.95238095  1.          0.9         1.        ] 0.970476190476
[[11  0]
 [ 1 14]]
accuracy: 0.961538
****************************************************************************************************
after fs using grafting l21-norm threshold = 0.1, epsilon = 0.1: 
selected features index: 
[0, 2, 73, 80, 108, 1783, 1921]
size of data matrix:  (102, 7)
size of label matrix:  (102,)
cross validation scores:  [ 0.9047619   0.85714286  0.95        0.9         0.95      ] 0.912380952381
[[10  1]
 [ 2 13]]
accuracy: 0.884615
****************************************************************************************************
after fs using grafting l21-norm threshold = 0.2, epsilon = 0.1: 
selected features index: 
[1, 73, 80, 108, 1522, 2349]
size of data matrix:  (102, 6)
size of label matrix:  (102,)
cross validation scores:  [ 1.         0.9047619  0.9        0.9        1.       ] 0.940952380952
[[10  1]
 [ 1 14]]
accuracy: 0.923077
****************************************************************************************************
after fs using Alpha_investing: 
selected features index: 
[   0    2    3    7   36   73   80  106  108 1815 2585 4842]
size of data matrix:  (102, 12)
size of label matrix:  (102,)
cross validation scores:  [ 0.95238095  0.95238095  0.95        0.85        1.        ] 0.940952380952
[[10  1]
 [ 3 12]]
accuracy: 0.846154
****************************************************************************************************
after fs using fast_osfs_z alpha = 0.01: 
selected features index: 
[ 106 2585 4283 4959]
size of data matrix:  (102, 4)
size of label matrix:  (102,)
cross validation scores:  [ 1.          0.95238095  0.95        0.8         1.        ] 0.940476190476
[[10  1]
 [ 1 14]]
accuracy: 0.923077
****************************************************************************************************
after fs using fast_osfs_z alpha = 0.05: 
selected features index: 
[1815 2585 3380 4959 5598]
size of data matrix:  (102, 5)
size of label matrix:  (102,)
cross validation scores:  [ 1.          0.95238095  1.          0.85        1.        ] 0.960476190476
[[10  1]
 [ 1 14]]
accuracy: 0.923077
****************************************************************************************************
DONE
