classifying dataset: datas/gene/SMK_CAN_187
****************************************************************************************************
origin data: 
size of data matrix:  (187, 19993)
size of label matrix:  (187,)
cross validation scores:  [ 0.47368421  0.73684211  0.59459459  0.72972973  0.72972973] 0.652916073969
[[16  6]
 [12 13]]
accuracy: 0.617021
****************************************************************************************************
after fs using grafting l1-norm threshold = 0.2, epsilon = 0.1: 
selected features index: 
[5701, 16876, 17071, 18303, 19652]
size of data matrix:  (187, 5)
size of label matrix:  (187,)
cross validation scores:  [ 0.60526316  0.86842105  0.83783784  0.67567568  0.75675676] 0.748790896159
[[16  6]
 [ 4 21]]
accuracy: 0.787234
****************************************************************************************************
after fs using grafting l21-norm threshold = 0.2, epsilon = 0.1: 
selected features index: 
[7, 13, 235, 687, 1331, 6757, 17895]
size of data matrix:  (187, 7)
size of label matrix:  (187,)
cross validation scores:  [ 0.73684211  0.86842105  0.7027027   0.67567568  0.67567568] 0.73186344239
[[15  7]
 [ 4 21]]
accuracy: 0.765957
****************************************************************************************************
after fs using grafting l21-norm threshold = 0.1, epsilon = 0.1: 
selected features index: 
[7, 13, 163, 687, 2424, 5701]
size of data matrix:  (187, 6)
size of label matrix:  (187,)
cross validation scores:  [ 0.60526316  0.73684211  0.67567568  0.72972973  0.78378378] 0.706258890469
[[15  7]
 [ 6 19]]
accuracy: 0.723404
****************************************************************************************************
after fs using grafting l21-norm threshold = 0.2, epsilon = 0.05: 
selected features index: 
[4, 7, 13, 18, 43, 139, 285, 298, 405, 627, 838, 984, 1024, 1198, 1259, 1261, 1491, 1655, 2709, 2955, 3586, 4160, 4526, 11146]
size of data matrix:  (187, 24)
size of label matrix:  (187,)
cross validation scores:  [ 0.55263158  0.89473684  0.89189189  0.75675676  0.91891892] 0.802987197724
[[21  1]
 [11 14]]
accuracy: 0.744681
****************************************************************************************************
after fs using grafting l21-norm threshold = 0.3, epsilon = 0.1: 
selected features index: 
[7, 13, 405, 687, 5701]
size of data matrix:  (187, 5)
size of label matrix:  (187,)
cross validation scores:  [ 0.63157895  0.63157895  0.67567568  0.75675676  0.7027027 ] 0.679658605974
[[13  9]
 [ 7 18]]
accuracy: 0.659574
****************************************************************************************************
after fs using grafting l21-norm threshold = 0.3, epsilon = 0.05: 
selected features index: 
[4, 7, 18, 43, 139, 285, 298, 405, 627, 838, 984, 1024, 1198, 1259, 1261, 1491, 1883, 2784, 3590, 4786, 5701, 11148, 11249, 15919]
size of data matrix:  (187, 24)
size of label matrix:  (187,)
cross validation scores:  [ 0.78947368  0.89473684  0.81081081  0.89189189  0.81081081] 0.839544807966
[[22  0]
 [ 3 22]]
accuracy: 0.936170
****************************************************************************************************
after fs using grafting l21-norm threshold = 0.25, epsilon = 0.1: 
selected features index: 
[7, 13, 405, 687, 5701]
size of data matrix:  (187, 5)
size of label matrix:  (187,)
cross validation scores:  [ 0.63157895  0.63157895  0.67567568  0.75675676  0.7027027 ] 0.679658605974
[[15  7]
 [ 9 16]]
accuracy: 0.659574
****************************************************************************************************
after fs using grafting l21-norm threshold = 0.25, epsilon = 0.05: 
selected features index: 
[4, 7, 18, 43, 139, 285, 298, 405, 627, 838, 984, 1024, 1198, 1259, 1261, 1491, 1883, 2784, 3590, 4786, 5701, 6032, 10704, 11357]
size of data matrix:  (187, 24)
size of label matrix:  (187,)
cross validation scores:  [ 0.76315789  0.89473684  0.86486486  0.86486486  0.83783784] 0.845092460882
[[21  1]
 [ 2 23]]
accuracy: 0.936170
****************************************************************************************************
after fs using fast_osfs_z alpha = 0.01: 
selected features index: 
[ 5701 11650 14551 17071 19169]
size of data matrix:  (187, 5)
size of label matrix:  (187,)
cross validation scores:  [ 0.68421053  0.81578947  0.67567568  0.62162162  0.7027027 ] 0.7
[[18  4]
 [ 4 21]]
accuracy: 0.829787
****************************************************************************************************
after fs using fast_osfs_z alpha = 0.05: 
selected features index: 
[ 2424  4735  5701  8889 11146 11563 11650 14551 16876 17895]
size of data matrix:  (187, 10)
size of label matrix:  (187,)
cross validation scores:  [ 0.76315789  0.81578947  0.81081081  0.81081081  0.86486486] 0.813086770982
[[12 10]
 [ 0 25]]
accuracy: 0.787234
****************************************************************************************************
after fs using Alpha_investing: 
selected features index: 
[   0    9   13 1397 1468 1473]
size of data matrix:  (187, 6)
size of label matrix:  (187,)
cross validation scores:  [ 0.63157895  0.73684211  0.75675676  0.72972973  0.64864865] 0.700711237553
[[ 9 13]
 [ 0 25]]
accuracy: 0.723404
****************************************************************************************************
DONE
