classifying dataset: datas/gene/TOX_171
****************************************************************************************************
origin data: 
size of data matrix:  (171, 5748)
size of label matrix:  (171,)
cross validation scores:  [ 0.68571429  0.6         0.61764706  0.67647059  0.6969697 ] 0.655360325949
[[10  1  0  0]
 [ 0 15  0  0]
 [ 0  0 12  0]
 [ 0  0  0  5]]
accuracy: 0.976744
****************************************************************************************************
after fs using grafting l21-norm threshold = 0.5, epsilon = 0.1: 
selected features index: 
[3, 17, 73, 103, 301, 1050]
size of data matrix:  (171, 6)
size of label matrix:  (171,)
cross validation scores:  [ 0.45714286  0.31428571  0.44117647  0.38235294  0.45454545] 0.409900687548
[[11  0  0  0]
 [15  0  0  0]
 [11  0  0  1]
 [ 0  0  0  5]]
accuracy: 0.372093
****************************************************************************************************
after fs using grafting l21-norm threshold = 0.5, epsilon = 0.05: 
selected features index: 
[2, 3, 9, 17, 21, 37, 39, 43, 48, 73, 83, 97, 100, 307, 477, 1050, 4436]
size of data matrix:  (171, 17)
size of label matrix:  (171,)
cross validation scores:  [ 0.54285714  0.48571429  0.44117647  0.5         0.54545455] 0.503040488923
[[ 7  0  3  1]
 [11  0  4  0]
 [ 5  0  7  0]
 [ 1  0  0  4]]
accuracy: 0.418605
****************************************************************************************************
after fs using grafting l21-norm threshold = 0.2, epsilon = 0.05: 
selected features index: 
[0, 2, 3, 8, 9, 17, 21, 30, 39, 43, 48, 73, 83, 97, 100, 103, 167, 1050, 3185]
size of data matrix:  (171, 19)
size of label matrix:  (171,)
cross validation scores:  [ 0.54285714  0.45714286  0.55882353  0.41176471  0.54545455] 0.50320855615
[[ 9  0  2  0]
 [13  1  1  0]
 [ 2  0 10  0]
 [ 1  0  2  2]]
accuracy: 0.511628
****************************************************************************************************
after fs using grafting l21-norm threshold = 0.2, epsilon = 0.1: 
selected features index: 
[3, 17, 48, 97, 140, 477]
size of data matrix:  (171, 6)
size of label matrix:  (171,)
cross validation scores:  [ 0.45714286  0.48571429  0.44117647  0.5         0.33333333] 0.443473389356
[[11  0  0  0]
 [15  0  0  0]
 [10  0  0  2]
 [ 2  0  0  3]]
accuracy: 0.325581
****************************************************************************************************
after fs using grafting l21-norm threshold = 0.1, epsilon = 0.1: 
selected features index: 
[3, 17, 48, 97, 140, 477]
size of data matrix:  (171, 6)
size of label matrix:  (171,)
cross validation scores:  [ 0.45714286  0.48571429  0.44117647  0.5         0.33333333] 0.443473389356
[[ 7  0  1  3]
 [12  0  1  2]
 [ 4  0  3  5]
 [ 0  0  0  5]]
accuracy: 0.348837
****************************************************************************************************
after fs using grafting l21-norm threshold = 0.3, epsilon = 0.1: 
selected features index: 
[3, 17, 48, 97, 140, 477]
size of data matrix:  (171, 6)
size of label matrix:  (171,)
cross validation scores:  [ 0.45714286  0.48571429  0.44117647  0.5         0.33333333] 0.443473389356
[[4 0 4 3]
 [7 0 3 5]
 [1 0 6 5]
 [0 0 0 5]]
accuracy: 0.348837
****************************************************************************************************
after fs using Alpha_Investing: 
selected features index: 
[   0    1    2    3    4    6   14   17   20   26   28   42   43   48   52
   58   65   66   72   73   77  103  120  121  122  124  127  138  140  142
  165  182  205  211  240  583  663  723  793  887  917 1432 3080 3689 4051]
size of data matrix:  (171, 45)
size of label matrix:  (171,)
cross validation scores:  [ 0.62857143  0.6         0.73529412  0.73529412  0.63636364] 0.667104660046
[[ 7  3  1  0]
 [ 2 12  1  0]
 [ 1  0 10  1]
 [ 0  0  0  5]]
accuracy: 0.790698
****************************************************************************************************
after fs using osfs_z alpha = 0.01: 
selected features index: 
[ 663 3873 4422]
size of data matrix:  (171, 3)
size of label matrix:  (171,)
cross validation scores:  [ 0.54285714  0.62857143  0.58823529  0.47058824  0.48484848] 0.543020117138
[[ 0 11  0  0]
 [ 0 15  0  0]
 [ 0  3  7  2]
 [ 0  1  2  2]]
accuracy: 0.558140
****************************************************************************************************
DONE
