classifying dataset: DLBCL
**********************************************************************
origin data: 
size of data matrix:  (77, 5469)
cross validation accuracy:  0.95
**********************************************************************
after fs using grafting l1-norm threshold = 0.2, epsilon = 0.1: 
size of data matrix:  (77, 7)
cross validation accuracy:  0.925
**********************************************************************
after fs using grafting l21-norm threshold = 0.2, epsilon = 0.1: 
size of data matrix:  (77, 6)
cross validation accuracy:  0.934880952381
**********************************************************************
after fs using fast_osfs_z alpha = 0.01: 
size of data matrix:  (77, 6)
cross validation accuracy:  0.908095238095
**********************************************************************
after fs using fast_osfs_z alpha = 0.05: 
size of data matrix:  (77, 6)
cross validation accuracy:  0.909047619048
**********************************************************************
after fs using Alpha_investing: 
