classifying dataset: GLI_85
**********************************************************************
origin data: 
size of data matrix:  (85, 22283)
cross validation accuracy:  0.845506535948
**********************************************************************
after fs using grafting l1-norm threshold = 0.2, epsilon = 0.1: 
size of data matrix:  (85, 9)
cross validation accuracy:  0.918218954248
**********************************************************************
after fs using grafting l21-norm threshold = 0.2, epsilon = 0.05: 
size of data matrix:  (85, 24)
cross validation accuracy:  0.963970588235
**********************************************************************
after fs using fast_osfs_z alpha = 0.01: 
size of data matrix:  (85, 5)
cross validation accuracy:  0.965359477124
**********************************************************************
after fs using fast_osfs_z alpha = 0.05: 
size of data matrix:  (85, 8)
cross validation accuracy:  0.942483660131
**********************************************************************
after fs using Alpha_investing: 
size of data matrix:  (85, 27)
cross validation accuracy:  0.916911764706
**********************************************************************
DONE
