classifying dataset: lymphoma
**********************************************************************
origin data: 
size of data matrix:  (96, 4026)
cross validation accuracy:  0.920555555556
**********************************************************************
after fs using grafting l1-norm threshold = 0.2, epsilon = 0.2: 
size of data matrix:  (96, 26)
cross validation accuracy:  0.729722222222
**********************************************************************
after fs using grafting l21-norm threshold = 0.2, epsilon = 0.05: 
size of data matrix:  (96, 8)
cross validation accuracy:  0.735833333333
**********************************************************************
after fs using fast_osfs_z alpha = 0.01: 
size of data matrix:  (96, 6)
cross validation accuracy:  0.691666666667
**********************************************************************
after fs using fast_osfs_z alpha = 0.05: 
size of data matrix:  (96, 7)
cross validation accuracy:  0.68
**********************************************************************
after fs using Alpha_investing: 
size of data matrix:  (96, 1)
cross validation accuracy:  0.485833333333
**********************************************************************
DONE
