classifying dataset: Prostate_GE
**********************************************************************
origin data: 
size of data matrix:  (102, 5966)
cross validation accuracy:  0.921904761905
**********************************************************************
after fs using grafting l1-norm threshold = 0.2, epsilon = 0.1: 
size of data matrix:  (102, 7)
cross validation accuracy:  0.931428571429
**********************************************************************
after fs using grafting l21-norm threshold = 0.2, epsilon = 0.1: 
size of data matrix:  (102, 7)
cross validation accuracy:  0.940952380952
**********************************************************************
after fs using fast_osfs_z alpha = 0.01: 
size of data matrix:  (102, 4)
cross validation accuracy:  0.940476190476
**********************************************************************
after fs using fast_osfs_z alpha = 0.05: 
size of data matrix:  (102, 5)
cross validation accuracy:  0.960476190476
**********************************************************************
after fs using Alpha_investing: 
size of data matrix:  (102, 12)
cross validation accuracy:  0.940952380952
**********************************************************************
DONE
