classifying dataset: datas/Lung_Cancer/Lung_Cancer
****************************************************************************************************
origin data: 
size of data matrix:  (203, 12600)
cross validation scores:  [ 0.95348837  0.95121951  0.925       0.95        0.87179487] 0.930300551217
y_test: 
[ 2.  2.  0.  0.  1.  0.  0.  0.  0.  0.  2.  0.  1.  0.  0.  1.  2.  4.
  0.  0.  0.  0.  0.  2.  0.  0.  0.  0.  0.  0.  0.  2.  0.  0.  0.  0.
  0.  0.  0.  0.  3.  3.  0.  0.  0.  0.  0.  3.  0.  0.  0.]
y_pred: 
[ 2.  0.  0.  0.  1.  0.  0.  0.  0.  0.  2.  0.  1.  0.  0.  1.  2.  4.
  0.  1.  0.  0.  0.  2.  0.  0.  0.  0.  0.  0.  0.  2.  0.  0.  0.  0.
  0.  0.  0.  0.  3.  3.  0.  0.  0.  1.  0.  3.  0.  0.  0.]
[[36  2  0  0  0]
 [ 0  3  0  0  0]
 [ 1  0  5  0  0]
 [ 0  0  0  3  0]
 [ 0  0  0  0  1]]
accuracy: 0.941176
****************************************************************************************************
after fs using l21-norm threshold = 0.1, epsilon = 0.05: 
selected features index: 
[0, 18, 45, 50, 90, 262, 285, 358, 1632]
size of data matrix:  (203, 9)
cross validation scores:  [ 0.88372093  0.73170732  0.8         0.875       0.79487179] 0.817060008436
y_test: 
[ 2.  2.  0.  0.  1.  0.  0.  0.  0.  0.  2.  0.  1.  0.  0.  1.  2.  4.
  0.  0.  0.  0.  0.  2.  0.  0.  0.  0.  0.  0.  0.  2.  0.  0.  0.  0.
  0.  0.  0.  0.  3.  3.  0.  0.  0.  0.  0.  3.  0.  0.  0.]
y_pred: 
[ 0.  0.  0.  0.  0.  0.  0.  0.  0.  0.  0.  0.  0.  0.  0.  1.  3.  4.
  0.  1.  0.  0.  0.  2.  0.  3.  0.  0.  0.  0.  0.  2.  0.  0.  0.  0.
  0.  0.  0.  0.  3.  3.  0.  0.  0.  0.  0.  0.  0.  0.  0.]
[[36  1  0  1  0]
 [ 2  1  0  0  0]
 [ 3  0  2  1  0]
 [ 1  0  0  2  0]
 [ 0  0  0  0  1]]
accuracy: 0.823529
****************************************************************************************************
after fs using l21-norm threshold = 0.2, epsilon = 0.05: 
selected features index: 
[4, 39, 45, 49, 163, 262, 305, 1632, 2477, 8532]
size of data matrix:  (203, 10)
cross validation scores:  [ 0.93023256  0.87804878  0.9         0.85        0.8974359 ] 0.891143447213
y_test: 
[ 2.  2.  0.  0.  1.  0.  0.  0.  0.  0.  2.  0.  1.  0.  0.  1.  2.  4.
  0.  0.  0.  0.  0.  2.  0.  0.  0.  0.  0.  0.  0.  2.  0.  0.  0.  0.
  0.  0.  0.  0.  3.  3.  0.  0.  0.  0.  0.  3.  0.  0.  0.]
y_pred: 
[ 0.  4.  0.  0.  1.  0.  0.  0.  0.  0.  2.  0.  1.  0.  0.  1.  0.  4.
  0.  1.  0.  0.  0.  2.  0.  0.  0.  0.  0.  0.  0.  2.  0.  0.  0.  0.
  0.  0.  0.  0.  3.  3.  0.  0.  0.  1.  0.  3.  0.  0.  0.]
[[36  2  0  0  0]
 [ 0  3  0  0  0]
 [ 2  0  3  0  1]
 [ 0  0  0  3  0]
 [ 0  0  0  0  1]]
accuracy: 0.901961
****************************************************************************************************
after fs using l21-norm threshold = 0.1, epsilon = 0.04: 
selected features index: 
[0, 4, 13, 39, 45, 49, 90, 198, 241, 262, 270, 398, 1632, 2309]
size of data matrix:  (203, 14)
cross validation scores:  [ 0.90697674  0.75609756  0.875       0.9         0.94871795] 0.877358450776
y_test: 
[ 2.  2.  0.  0.  1.  0.  0.  0.  0.  0.  2.  0.  1.  0.  0.  1.  2.  4.
  0.  0.  0.  0.  0.  2.  0.  0.  0.  0.  0.  0.  0.  2.  0.  0.  0.  0.
  0.  0.  0.  0.  3.  3.  0.  0.  0.  0.  0.  3.  0.  0.  0.]
y_pred: 
[ 0.  4.  0.  0.  1.  0.  0.  0.  0.  0.  0.  0.  1.  0.  0.  1.  0.  4.
  0.  0.  0.  0.  0.  2.  0.  0.  0.  0.  0.  0.  0.  0.  0.  0.  0.  0.
  0.  0.  0.  0.  3.  3.  0.  0.  0.  0.  0.  3.  0.  0.  0.]
[[38  0  0  0  0]
 [ 0  3  0  0  0]
 [ 4  0  1  0  1]
 [ 0  0  0  3  0]
 [ 0  0  0  0  1]]
accuracy: 0.901961
****************************************************************************************************
after fs using Alpha_investing: 
selected features index: 
[   0    1    3    4    5    7    8   13   14   15   16   18   19   24   43
   48   51   82  102  107  163  191  223  262  265  270  296  323  358  398
  576  620  988 1002 1136 1259 1326 2578 3675 8064 8974]
size of data matrix:  (203, 41)
cross validation scores:  [ 0.88372093  0.85365854  0.85        0.85        0.79487179] 0.846450252338
y_test: 
[ 2.  2.  0.  0.  1.  0.  0.  0.  0.  0.  2.  0.  1.  0.  0.  1.  2.  4.
  0.  0.  0.  0.  0.  2.  0.  0.  0.  0.  0.  0.  0.  2.  0.  0.  0.  0.
  0.  0.  0.  0.  3.  3.  0.  0.  0.  0.  0.  3.  0.  0.  0.]
y_pred: 
[ 2.  4.  0.  0.  1.  0.  0.  0.  1.  1.  4.  0.  1.  0.  0.  1.  2.  0.
  0.  1.  0.  0.  0.  2.  0.  0.  0.  0.  0.  0.  0.  2.  0.  0.  0.  0.
  0.  0.  0.  0.  3.  3.  0.  0.  0.  1.  0.  3.  0.  0.  0.]
[[34  4  0  0  0]
 [ 0  3  0  0  0]
 [ 0  0  4  0  2]
 [ 0  0  0  3  0]
 [ 1  0  0  0  0]]
accuracy: 0.862745
****************************************************************************************************
after fs using osfs 0.01: 
selected features index: 
[ 7348  8532  9133 10187 11299 12374]
size of data matrix:  (203, 6)
cross validation scores:  [ 0.81395349  0.85365854  0.875       0.875       0.8974359 ] 0.863009584479
y_test: 
[ 2.  2.  0.  0.  1.  0.  0.  0.  0.  0.  2.  0.  1.  0.  0.  1.  2.  4.
  0.  0.  0.  0.  0.  2.  0.  0.  0.  0.  0.  0.  0.  2.  0.  0.  0.  0.
  0.  0.  0.  0.  3.  3.  0.  0.  0.  0.  0.  3.  0.  0.  0.]
y_pred: 
[ 2.  2.  2.  2.  0.  0.  0.  0.  0.  0.  2.  0.  0.  0.  0.  1.  2.  0.
  2.  0.  0.  0.  0.  2.  0.  2.  0.  2.  2.  2.  0.  0.  0.  2.  0.  2.
  0.  0.  2.  2.  3.  0.  0.  2.  0.  0.  0.  1.  0.  0.  2.]
[[25  0 13  0  0]
 [ 2  1  0  0  0]
 [ 1  0  5  0  0]
 [ 1  1  0  1  0]
 [ 1  0  0  0  0]]
accuracy: 0.627451
****************************************************************************************************
after fs using osfs 0.05: 
selected features index: 
[ 7040  7348  8198  8532  9133  9909 10572 11299 11420 12374]
size of data matrix:  (203, 10)
cross validation scores:  [ 0.88372093  0.90243902  0.85        0.95        0.87179487] 0.891590965284
y_test: 
[ 2.  2.  0.  0.  1.  0.  0.  0.  0.  0.  2.  0.  1.  0.  0.  1.  2.  4.
  0.  0.  0.  0.  0.  2.  0.  0.  0.  0.  0.  0.  0.  2.  0.  0.  0.  0.
  0.  0.  0.  0.  3.  3.  0.  0.  0.  0.  0.  3.  0.  0.  0.]
y_pred: 
[ 0.  0.  0.  0.  0.  0.  0.  0.  0.  0.  2.  0.  0.  0.  0.  0.  0.  4.
  2.  0.  0.  0.  0.  0.  0.  2.  0.  0.  0.  0.  0.  0.  0.  0.  0.  0.
  0.  0.  0.  0.  3.  3.  0.  0.  0.  0.  0.  3.  0.  0.  0.]
[[36  0  2  0  0]
 [ 3  0  0  0  0]
 [ 5  0  1  0  0]
 [ 0  0  0  3  0]
 [ 0  0  0  0  1]]
accuracy: 0.803922
****************************************************************************************************
DONE
