classifying dataset: ../datas/gene/dataset/DLBCL.mat
origin (6):
y_true: [0 0 0 0 0 1 0 0 1 1 0 0 0 0 0 0 1 0 0 0 1 0 0 1 0 1 0 0 1 0 1 1 0 0 1 0 0
 0 1]
y_pred: [0 0 0 0 0 0 0 0 0 1 0 0 0 0 0 0 1 0 0 0 1 1 0 0 0 1 0 0 1 0 1 1 0 0 1 0 0
 0 1]
confusion_matrix:
[[26  1]
 [ 3  9]]
accuray: 0.897435897436
recall_score: 0.75
pression_score: 0.9
f1_score: 0.818181818182
mattews_corrceof: 0.753599281711

imbalance (9):
y_true: [0 0 0 0 0 1 0 0 1 1 0 0 0 0 0 0 1 0 0 0 1 0 0 1 0 1 0 0 1 0 1 1 0 0 1 0 0
 0 1]
y_pred: [0 0 0 0 0 0 0 0 1 1 1 0 0 0 0 0 1 0 0 0 1 0 0 0 0 1 0 0 1 0 1 1 0 0 1 0 0
 0 1]
confusion_matrix:
[[26  1]
 [ 2 10]]
accuray: 0.923076923077
recall_score: 0.833333333333
pression_score: 0.909090909091
f1_score: 0.869565217391
mattews_corrceof: 0.816717464627

# next
classifying dataset: ../datas/gene/dataset/DLBCL.mat
origin (6):
y_true: [0 1 0 0 0 0 0 0 1 0 0 0 0 1 0 0 0 1 1 0 0 0 0 0 1 0 1 1 0 0 1 1 0 0 0 1 1
 0 0]
y_pred: [0 0 0 0 0 1 0 0 1 0 0 0 0 1 0 0 0 1 1 0 0 0 0 0 1 0 1 1 0 0 1 0 0 0 0 1 1
 0 1]
confusion_matrix:
[[25  2]
 [ 2 10]]
accuray: 0.897435897436
recall_score: 0.833333333333
pression_score: 0.833333333333
f1_score: 0.833333333333
mattews_corrceof: 0.759259259259

imbalance (7):
y_true: [0 1 0 0 0 0 0 0 1 0 0 0 0 1 0 0 0 1 1 0 0 0 0 0 1 0 1 1 0 0 1 1 0 0 0 1 1
 0 0]
y_pred: [1 1 0 0 0 0 0 0 1 0 0 0 0 1 0 0 0 1 1 0 0 0 0 0 1 0 1 1 0 0 1 1 0 0 0 0 1
 0 0]
confusion_matrix:
[[26  1]
 [ 1 11]]
accuray: 0.948717948718
recall_score: 0.916666666667
pression_score: 0.916666666667
f1_score: 0.916666666667
mattews_corrceof: 0.87962962963

# next
classifying dataset: ../datas/gene/dataset/DLBCL.mat
origin (6):
y_true: [1 0 1 0 0 0 1 0 0 1 0 0 0 1 0 0 0 0 0 0 0 0 0 0 0 0 0 0 0 1 1 0 0 0 1 1 0
 1 0]
y_pred: [1 0 1 1 0 0 1 1 0 1 0 0 0 0 0 0 0 0 0 0 0 0 0 0 0 0 0 0 1 1 1 0 0 0 1 0 0
 1 0]
confusion_matrix:
[[26  3]
 [ 2  8]]
accuray: 0.871794871795
recall_score: 0.8
pression_score: 0.727272727273
f1_score: 0.761904761905
mattews_corrceof: 0.675891542719

imbalance (7):
y_true: [1 0 1 0 0 0 1 0 0 1 0 0 0 1 0 0 0 0 0 0 0 0 0 0 0 0 0 0 0 1 1 0 0 0 1 1 0
 1 0]
y_pred: [1 0 1 1 0 0 1 0 0 1 0 0 0 0 0 0 0 0 0 0 0 0 0 0 0 0 0 0 0 1 1 0 0 0 1 1 0
 1 0]
confusion_matrix:
[[28  1]
 [ 1  9]]
accuray: 0.948717948718
recall_score: 0.9
pression_score: 0.9
f1_score: 0.9
mattews_corrceof: 0.865517241379

# next
classifying dataset: ../datas/gene/dataset/DLBCL.mat
origin (6):
y_true: [0 0 0 0 0 1 1 0 0 0 1 0 0 1 0 0 0 0 0 1 0 1 0 0 1 0 0 0 0 0 1 0 0 1 0 1 0
 0 0]
y_pred: [0 0 0 0 0 1 1 0 0 1 1 0 0 1 0 0 0 0 0 1 0 1 0 0 1 1 0 0 0 0 1 0 0 1 1 1 0
 0 0]
confusion_matrix:
[[26  3]
 [ 0 10]]
accuray: 0.923076923077
mattews_corrceof: 0.830454798537
recall_score: 1.0
pression_score: 0.769230769231
f1_score: 0.869565217391

imbalance (7):
y_true: [0 0 0 0 0 1 1 0 0 0 1 0 0 1 0 0 0 0 0 1 0 1 0 0 1 0 0 0 0 0 1 0 0 1 0 1 0
 0 0]
y_pred: [0 0 0 0 0 1 1 0 0 0 0 0 0 1 0 0 0 0 0 1 0 1 0 0 1 0 0 0 0 0 1 0 0 1 0 1 0
 1 0]
confusion_matrix:
[[28  1]
 [ 1  9]]
accuray: 0.948717948718
mattews_corrceof: 0.865517241379
recall_score: 0.9
pression_score: 0.9
f1_score: 0.9

# other
classifying dataset: ../datas/gene/dataset/DLBCL.mat
origin (6):
y_true: [0 0 0 1 0 1 0 0 0 0 0 0 0 0 0 0 0 0 0 0 0 0 1 0 0 0 0 0 0 0 1 0 0 0 0 1 0
 0 1]
y_pred: [0 0 0 1 0 1 0 0 0 0 0 0 0 0 0 0 0 0 1 0 0 0 1 0 0 0 0 0 0 1 1 0 0 0 0 1 0
 0 1]
confusion_matrix:
[[31  2]
 [ 0  6]]
accuray: 0.948717948718
mattews_corrceof: 0.839372059665
recall_score: 1.0
pression_score: 0.75
f1_score: 0.857142857143

imbalance (7):
y_true: [0 0 0 1 0 1 0 0 0 0 0 0 0 0 0 0 0 0 0 0 0 0 1 0 0 0 0 0 0 0 1 0 0 0 0 1 0
 0 1]
y_pred: [0 0 0 1 0 1 0 1 0 0 0 0 0 0 0 0 0 0 0 0 0 0 1 0 0 0 0 0 0 0 1 0 0 0 0 1 0
 0 1]
confusion_matrix:
[[32  1]
 [ 0  6]]
accuray: 0.974358974359
mattews_corrceof: 0.911684611677
recall_score: 1.0
pression_score: 0.857142857143
f1_score: 0.923076923077