classifying dataset: ../datas/gene/dataset/GLI_85.mat
origin (24):
y_true: [0 0 1 0 1 0 0 0 0 1 1 0 0 1 1 1 0 0 0 0 1 1 1 0 0 1 0 0 0 0 1 1 1 0 0 0 0
 0 0 1 0 0 0]
y_pred: [1 0 1 1 1 0 0 0 0 1 1 0 0 1 1 1 0 0 0 0 1 1 1 0 0 0 0 0 0 0 0 0 1 0 0 0 0
 0 0 0 0 0 0]
confusion_matrix:
[[26  2]
 [ 4 11]]
accuray: 0.860465116279
mattews_corrceof: 0.686891033439
recall_score: 0.733333333333
pression_score: 0.846153846154
f1_score: 0.785714285714

imbalance (20):
y_true: [0 0 1 0 1 0 0 0 0 1 1 0 0 1 1 1 0 0 0 0 1 1 1 0 0 1 0 0 0 0 1 1 1 0 0 0 0
 0 0 1 0 0 0]
y_pred: [0 0 1 0 1 0 0 0 0 1 1 0 0 1 1 1 0 0 0 0 1 1 1 1 0 1 0 0 0 0 0 0 0 0 0 0 0
 0 0 1 0 0 0]
confusion_matrix:
[[27  1]
 [ 3 12]]
accuray: 0.906976744186
mattews_corrceof: 0.793136768827
recall_score: 0.8
pression_score: 0.923076923077
f1_score: 0.857142857143